[14:15:08] [ServerMain/INFO]: Environment: Environment[sessionHost=https://sessionserver.mojang.com, servicesHost=https://api.minecraftservices.com, profilesHost=https://api.mojang.com, name=PROD]
[14:15:09] [ServerMain/INFO]: Loaded 1461 recipes
[14:15:09] [ServerMain/INFO]: Loaded 1574 advancements
[14:15:09] [Server thread/INFO]: Starting minecraft server version 1.21.10
[14:15:09] [Server thread/INFO]: Loading properties
[14:15:09] [Server thread/INFO]: Default game type: SURVIVAL
[14:15:09] [Server thread/INFO]: Generating keypair
[14:15:10] [Server thread/INFO]: Starting Minecraft server on *:25565
[14:15:10] [Server thread/INFO]: Using default channel type
[14:15:10] [Server thread/WARN]: **** SERVER IS RUNNING IN OFFLINE/INSECURE MODE!
[14:15:10] [Server thread/WARN]: The server will make no attempt to authenticate usernames. Beware.
[14:15:10] [Server thread/WARN]: While this makes the game possible to play without internet access, it also opens up the ability for hackers to connect with any username they choose.
[14:15:10] [Server thread/WARN]: To change this, set "online-mode" to "true" in the server.properties file.
[14:15:10] [Server thread/INFO]: Preparing level "LandofCraft"
[14:15:10] [Server thread/INFO]: Loading 0 persistent chunks...
[14:15:10] [Server thread/INFO]: Preparing spawn area: 100%
[14:15:10] [Server thread/INFO]: Time elapsed: 13 ms
[14:15:10] [Server thread/INFO]: Done (0.365s)! For help, type "help"
[14:15:23] [Server thread/INFO]: Stopping the server
[14:15:23] [Server thread/INFO]: Stopping server
[14:15:23] [Server thread/INFO]: Saving players
[14:15:23] [Server thread/INFO]: Saving worlds
[14:15:23] [Server thread/INFO]: Saving chunks for level 'ServerLevel[LandofCraft]'/minecraft:overworld
[14:15:23] [Server thread/INFO]: Saving chunks for level 'ServerLevel[LandofCraft]'/minecraft:the_end
[14:15:23] [Server thread/INFO]: Saving chunks for level 'ServerLevel[LandofCraft]'/minecraft:the_nether
[14:15:23] [Server thread/INFO]: ThreadedAnvilChunkStorage (LandofCraft): All chunks are saved
[14:15:23] [Server thread/INFO]: ThreadedAnvilChunkStorage (DIM1): All chunks are saved
[14:15:23] [Server thread/INFO]: ThreadedAnvilChunkStorage (DIM-1): All chunks are saved
[14:15:23] [Server thread/INFO]: ThreadedAnvilChunkStorage: All dimensions are saved
